                      common_search        /common/search(.:format)                                                          common#search
                  kindeditor_upload POST   /kindeditor/upload(.:format)                                                      kindeditor/assets#create
             kindeditor_filemanager GET    /kindeditor/filemanager(.:format)                                                 kindeditor/assets#list
   tag_identity_timeline_categories GET    /tag/identities/:identity_id/timelines/:timeline_id/categories(.:format)          tag/categories#index
                                    POST   /tag/identities/:identity_id/timelines/:timeline_id/categories(.:format)          tag/categories#create
 new_tag_identity_timeline_category GET    /tag/identities/:identity_id/timelines/:timeline_id/categories/new(.:format)      tag/categories#new
edit_tag_identity_timeline_category GET    /tag/identities/:identity_id/timelines/:timeline_id/categories/:id/edit(.:format) tag/categories#edit
     tag_identity_timeline_category GET    /tag/identities/:identity_id/timelines/:timeline_id/categories/:id(.:format)      tag/categories#show
                                    PUT    /tag/identities/:identity_id/timelines/:timeline_id/categories/:id(.:format)      tag/categories#update
                                    DELETE /tag/identities/:identity_id/timelines/:timeline_id/categories/:id(.:format)      tag/categories#destroy
             tag_identity_timelines GET    /tag/identities/:identity_id/timelines(.:format)                                  tag/timelines#index
                                    POST   /tag/identities/:identity_id/timelines(.:format)                                  tag/timelines#create
          new_tag_identity_timeline GET    /tag/identities/:identity_id/timelines/new(.:format)                              tag/timelines#new
              tag_identity_timeline GET    /tag/identities/:identity_id/timelines/:id(.:format)                              tag/timelines#show
                     tag_identities GET    /tag/identities(.:format)                                                         tag/identities#index
                                    POST   /tag/identities(.:format)                                                         tag/identities#create
                   new_tag_identity GET    /tag/identities/new(.:format)                                                     tag/identities#new
                       tag_identity GET    /tag/identities/:id(.:format)                                                     tag/identities#show
                      tag_dashboard        /tag(.:format)                                                                    tag/dashboard#show
               resetscore_questions GET    /questions/resetscore(.:format)                                                   questions#resetscore
         update_timelines_questions        /questions/update_timelines(.:format)                                             questions#update_timelines
        update_categories_questions        /questions/update_categories(.:format)                                            questions#update_categories
                   question_answers GET    /questions/:question_id/answers(.:format)                                         answers#index
                                    POST   /questions/:question_id/answers(.:format)                                         answers#create
                new_question_answer GET    /questions/:question_id/answers/new(.:format)                                     answers#new
               edit_question_answer GET    /questions/:question_id/answers/:id/edit(.:format)                                answers#edit
                    question_answer GET    /questions/:question_id/answers/:id(.:format)                                     answers#show
                                    PUT    /questions/:question_id/answers/:id(.:format)                                     answers#update
                                    DELETE /questions/:question_id/answers/:id(.:format)                                     answers#destroy
                          questions GET    /questions(.:format)                                                              questions#index
                                    POST   /questions(.:format)                                                              questions#create
                       new_question GET    /questions/new(.:format)                                                          questions#new
                      edit_question GET    /questions/:id/edit(.:format)                                                     questions#edit
                           question GET    /questions/:id(.:format)                                                          questions#show
                                    PUT    /questions/:id(.:format)                                                          questions#update
                                    DELETE /questions/:id(.:format)                                                          questions#destroy
                  refresh_knowledge GET    /knowledges/:id/refresh(.:format)                                                 knowledges#refresh
                         knowledges GET    /knowledges(.:format)                                                             knowledges#index
                                    POST   /knowledges(.:format)                                                             knowledges#create
                      new_knowledge GET    /knowledges/new(.:format)                                                         knowledges#new
                     edit_knowledge GET    /knowledges/:id/edit(.:format)                                                    knowledges#edit
                          knowledge GET    /knowledges/:id(.:format)                                                         knowledges#show
                                    PUT    /knowledges/:id(.:format)                                                         knowledges#update
                                    DELETE /knowledges/:id(.:format)                                                         knowledges#destroy
                           profiles GET    /profiles(.:format)                                                               profiles#index
                       edit_profile GET    /profiles/:id/edit(.:format)                                                      profiles#edit
                            profile GET    /profiles/:id(.:format)                                                           profiles#show
                                    PUT    /profiles/:id(.:format)                                                           profiles#update
                                    DELETE /profiles/:id(.:format)                                                           profiles#destroy
       recommend_recommend_products GET    /recommend/recommend_products(.:format)                                           recommend/recommend_products#index
                                    POST   /recommend/recommend_products(.:format)                                           recommend/recommend_products#create
    new_recommend_recommend_product GET    /recommend/recommend_products/new(.:format)                                       recommend/recommend_products#new
   edit_recommend_recommend_product GET    /recommend/recommend_products/:id/edit(.:format)                                  recommend/recommend_products#edit
        recommend_recommend_product GET    /recommend/recommend_products/:id(.:format)                                       recommend/recommend_products#show
                                    PUT    /recommend/recommend_products/:id(.:format)                                       recommend/recommend_products#update
                                    DELETE /recommend/recommend_products/:id(.:format)                                       recommend/recommend_products#destroy
      recommend_recommend_questions GET    /recommend/recommend_questions(.:format)                                          recommend/recommend_questions#index
                                    POST   /recommend/recommend_questions(.:format)                                          recommend/recommend_questions#create
   new_recommend_recommend_question GET    /recommend/recommend_questions/new(.:format)                                      recommend/recommend_questions#new
  edit_recommend_recommend_question GET    /recommend/recommend_questions/:id/edit(.:format)                                 recommend/recommend_questions#edit
       recommend_recommend_question GET    /recommend/recommend_questions/:id(.:format)                                      recommend/recommend_questions#show
                                    PUT    /recommend/recommend_questions/:id(.:format)                                      recommend/recommend_questions#update
                                    DELETE /recommend/recommend_questions/:id(.:format)                                      recommend/recommend_questions#destroy
          recommend_recommend_users GET    /recommend/recommend_users(.:format)                                              recommend/recommend_users#index
                                    POST   /recommend/recommend_users(.:format)                                              recommend/recommend_users#create
       new_recommend_recommend_user GET    /recommend/recommend_users/new(.:format)                                          recommend/recommend_users#new
      edit_recommend_recommend_user GET    /recommend/recommend_users/:id/edit(.:format)                                     recommend/recommend_users#edit
           recommend_recommend_user GET    /recommend/recommend_users/:id(.:format)                                          recommend/recommend_users#show
                                    PUT    /recommend/recommend_users/:id(.:format)                                          recommend/recommend_users#update
                                    DELETE /recommend/recommend_users/:id(.:format)                                          recommend/recommend_users#destroy
         recommend_recommend_events GET    /recommend/recommend_events(.:format)                                             recommend/recommend_events#index
                                    POST   /recommend/recommend_events(.:format)                                             recommend/recommend_events#create
      new_recommend_recommend_event GET    /recommend/recommend_events/new(.:format)                                         recommend/recommend_events#new
     edit_recommend_recommend_event GET    /recommend/recommend_events/:id/edit(.:format)                                    recommend/recommend_events#edit
          recommend_recommend_event GET    /recommend/recommend_events/:id(.:format)                                         recommend/recommend_events#show
                                    PUT    /recommend/recommend_events/:id(.:format)                                         recommend/recommend_events#update
                                    DELETE /recommend/recommend_events/:id(.:format)                                         recommend/recommend_events#destroy
         recommend_recommend_mtools GET    /recommend/recommend_mtools(.:format)                                             recommend/recommend_mtools#index
                                    POST   /recommend/recommend_mtools(.:format)                                             recommend/recommend_mtools#create
      new_recommend_recommend_mtool GET    /recommend/recommend_mtools/new(.:format)                                         recommend/recommend_mtools#new
     edit_recommend_recommend_mtool GET    /recommend/recommend_mtools/:id/edit(.:format)                                    recommend/recommend_mtools#edit
          recommend_recommend_mtool GET    /recommend/recommend_mtools/:id(.:format)                                         recommend/recommend_mtools#show
                                    PUT    /recommend/recommend_mtools/:id(.:format)                                         recommend/recommend_mtools#update
                                    DELETE /recommend/recommend_mtools/:id(.:format)                                         recommend/recommend_mtools#destroy
       recommend_recommend_subjects GET    /recommend/recommend_subjects(.:format)                                           recommend/recommend_subjects#index
                                    POST   /recommend/recommend_subjects(.:format)                                           recommend/recommend_subjects#create
    new_recommend_recommend_subject GET    /recommend/recommend_subjects/new(.:format)                                       recommend/recommend_subjects#new
   edit_recommend_recommend_subject GET    /recommend/recommend_subjects/:id/edit(.:format)                                  recommend/recommend_subjects#edit
        recommend_recommend_subject GET    /recommend/recommend_subjects/:id(.:format)                                       recommend/recommend_subjects#show
                                    PUT    /recommend/recommend_subjects/:id(.:format)                                       recommend/recommend_subjects#update
                                    DELETE /recommend/recommend_subjects/:id(.:format)                                       recommend/recommend_subjects#destroy
        recommend_recommend_quizzes GET    /recommend/recommend_quizzes(.:format)                                            recommend/recommend_quizzes#index
                                    POST   /recommend/recommend_quizzes(.:format)                                            recommend/recommend_quizzes#create
       new_recommend_recommend_quiz GET    /recommend/recommend_quizzes/new(.:format)                                        recommend/recommend_quizzes#new
      edit_recommend_recommend_quiz GET    /recommend/recommend_quizzes/:id/edit(.:format)                                   recommend/recommend_quizzes#edit
           recommend_recommend_quiz GET    /recommend/recommend_quizzes/:id(.:format)                                        recommend/recommend_quizzes#show
                                    PUT    /recommend/recommend_quizzes/:id(.:format)                                        recommend/recommend_quizzes#update
                                    DELETE /recommend/recommend_quizzes/:id(.:format)                                        recommend/recommend_quizzes#destroy
           recommend_recommend_tags GET    /recommend/recommend_tags(.:format)                                               recommend/recommend_tags#index
                                    POST   /recommend/recommend_tags(.:format)                                               recommend/recommend_tags#create
        new_recommend_recommend_tag GET    /recommend/recommend_tags/new(.:format)                                           recommend/recommend_tags#new
       edit_recommend_recommend_tag GET    /recommend/recommend_tags/:id/edit(.:format)                                      recommend/recommend_tags#edit
            recommend_recommend_tag GET    /recommend/recommend_tags/:id(.:format)                                           recommend/recommend_tags#show
                                    PUT    /recommend/recommend_tags/:id(.:format)                                           recommend/recommend_tags#update
                                    DELETE /recommend/recommend_tags/:id(.:format)                                           recommend/recommend_tags#destroy
       recommend_recommend_hindices GET    /recommend/recommend_hindices(.:format)                                           recommend/recommend_hindices#index
                                    POST   /recommend/recommend_hindices(.:format)                                           recommend/recommend_hindices#create
     new_recommend_recommend_hindex GET    /recommend/recommend_hindices/new(.:format)                                       recommend/recommend_hindices#new
    edit_recommend_recommend_hindex GET    /recommend/recommend_hindices/:id/edit(.:format)                                  recommend/recommend_hindices#edit
         recommend_recommend_hindex GET    /recommend/recommend_hindices/:id(.:format)                                       recommend/recommend_hindices#show
                                    PUT    /recommend/recommend_hindices/:id(.:format)                                       recommend/recommend_hindices#update
                                    DELETE /recommend/recommend_hindices/:id(.:format)                                       recommend/recommend_hindices#destroy
                recommend_dashboard        /recommend(.:format)                                                              recommend/dashboard#show
                         auth_users GET    /auth/users(.:format)                                                             auth/users#index
                                    POST   /auth/users(.:format)                                                             auth/users#create
                      new_auth_user GET    /auth/users/new(.:format)                                                         auth/users#new
                     edit_auth_user GET    /auth/users/:id/edit(.:format)                                                    auth/users#edit
                          auth_user GET    /auth/users/:id(.:format)                                                         auth/users#show
                                    PUT    /auth/users/:id(.:format)                                                         auth/users#update
                                    DELETE /auth/users/:id(.:format)                                                         auth/users#destroy
                     auth_cms_roles GET    /auth/cms_roles(.:format)                                                         auth/cms_roles#index
                                    POST   /auth/cms_roles(.:format)                                                         auth/cms_roles#create
                  new_auth_cms_role GET    /auth/cms_roles/new(.:format)                                                     auth/cms_roles#new
                 edit_auth_cms_role GET    /auth/cms_roles/:id/edit(.:format)                                                auth/cms_roles#edit
                      auth_cms_role GET    /auth/cms_roles/:id(.:format)                                                     auth/cms_roles#show
                                    PUT    /auth/cms_roles/:id(.:format)                                                     auth/cms_roles#update
                                    DELETE /auth/cms_roles/:id(.:format)                                                     auth/cms_roles#destroy
                auth_assign_permits GET    /auth/assign_permits(.:format)                                                    auth/assign_permits#index
                                    POST   /auth/assign_permits(.:format)                                                    auth/assign_permits#create
             new_auth_assign_permit GET    /auth/assign_permits/new(.:format)                                                auth/assign_permits#new
            edit_auth_assign_permit GET    /auth/assign_permits/:id/edit(.:format)                                           auth/assign_permits#edit
                 auth_assign_permit GET    /auth/assign_permits/:id(.:format)                                                auth/assign_permits#show
                                    PUT    /auth/assign_permits/:id(.:format)                                                auth/assign_permits#update
                                    DELETE /auth/assign_permits/:id(.:format)                                                auth/assign_permits#destroy
                     auth_dashboard        /auth(.:format)                                                                   auth/dashboard#show
                   new_user_session GET    /users/sign_in(.:format)                                                          devise/sessions#new
                       user_session POST   /users/sign_in(.:format)                                                          devise/sessions#create
               destroy_user_session DELETE /users/sign_out(.:format)                                                         devise/sessions#destroy
                      user_password POST   /users/password(.:format)                                                         devise/passwords#create
                  new_user_password GET    /users/password/new(.:format)                                                     devise/passwords#new
                 edit_user_password GET    /users/password/edit(.:format)                                                    devise/passwords#edit
                                    PUT    /users/password(.:format)                                                         devise/passwords#update
           cancel_user_registration GET    /users/cancel(.:format)                                                           devise/registrations#cancel
                  user_registration POST   /users(.:format)                                                                  devise/registrations#create
              new_user_registration GET    /users/sign_up(.:format)                                                          devise/registrations#new
             edit_user_registration GET    /users/edit(.:format)                                                             devise/registrations#edit
                                    PUT    /users(.:format)                                                                  devise/registrations#update
                                    DELETE /users(.:format)                                                                  devise/registrations#destroy
                  user_confirmation POST   /users/confirmation(.:format)                                                     devise/confirmations#create
              new_user_confirmation GET    /users/confirmation/new(.:format)                                                 devise/confirmations#new
                                    GET    /users/confirmation(.:format)                                                     devise/confirmations#show
                        user_unlock POST   /users/unlock(.:format)                                                           devise/unlocks#create
                    new_user_unlock GET    /users/unlock/new(.:format)                                                       devise/unlocks#new
                                    GET    /users/unlock(.:format)                                                           devise/unlocks#show
                               root        /                                                                                 dashboard#index
                           archives GET    /archives/:model(.:format)                                                        archives#index
                  archives_savesort        /archives/savesort(.:format)                                                      archives#savesort
                         search_tag        /archives/search_tag(.:format)                                                    archives#search_tag
                  archive_item_list GET    /archives/:model/item_list/:item_id(.:format)                                     archives#item_list
                                    POST   /kindeditor/upload(.:format)                                                      kindeditor/assets#create
                                    GET    /kindeditor/filemanager(.:format)                                                 kindeditor/assets#list
